<?xml version="1.0" encoding="UTF-8"?>
<testng-results ignored="1" total="3" passed="2" failed="0" skipped="0">
  <reporter-output>
  </reporter-output>
  <suite started-at="2021-07-10T12:57:29Z" name="Default suite" finished-at="2021-07-10T12:59:09Z" duration-ms="100168">
    <groups>
    </groups>
    <test started-at="2021-07-10T12:57:29Z" name="Default test" finished-at="2021-07-10T12:59:09Z" duration-ms="100168">
      <class name="clientA.Book_Hotel">
        <test-method signature="bookHotel()[pri:0, instance:clientA.Book_Hotel@1f75a668]" started-at="2021-07-10T12:57:29Z" name="bookHotel" finished-at="2021-07-10T12:58:18Z" duration-ms="48847" status="PASS">
          <reporter-output>
          </reporter-output>
        </test-method> <!-- bookHotel -->
        <test-method is-config="true" signature="closeBrowser()[pri:0, instance:clientA.Book_Hotel@1f75a668]" started-at="2021-07-10T12:59:07Z" name="closeBrowser" finished-at="2021-07-10T12:59:09Z" duration-ms="2437" status="PASS">
          <reporter-output>
          </reporter-output>
        </test-method> <!-- closeBrowser -->
      </class> <!-- clientA.Book_Hotel -->
      <class name="clientA.Search_Hotel">
        <test-method signature="searchHotel()[pri:0, instance:clientA.Search_Hotel@35399441]" started-at="2021-07-10T12:58:18Z" name="searchHotel" finished-at="2021-07-10T12:59:07Z" duration-ms="48862" status="PASS">
          <reporter-output>
          </reporter-output>
        </test-method> <!-- searchHotel -->
      </class> <!-- clientA.Search_Hotel -->
    </test> <!-- Default test -->
  </suite> <!-- Default suite -->
</testng-results>
