<?xml version="1.0" encoding="UTF-8"?>
<testng-results ignored="0" total="1" passed="1" failed="0" skipped="0">
  <reporter-output>
  </reporter-output>
  <suite started-at="2021-07-10T09:31:35Z" name="Default suite" finished-at="2021-07-10T09:32:25Z" duration-ms="49922">
    <groups>
    </groups>
    <test started-at="2021-07-10T09:31:35Z" name="Default test" finished-at="2021-07-10T09:32:25Z" duration-ms="49922">
      <class name="clientA.Search_Hotel">
        <test-method signature="searchHotel()[pri:0, instance:clientA.Search_Hotel@6d026701]" started-at="2021-07-10T09:31:35Z" name="searchHotel" finished-at="2021-07-10T09:32:25Z" duration-ms="49902" status="PASS">
          <reporter-output>
          </reporter-output>
        </test-method> <!-- searchHotel -->
        <test-method is-config="true" signature="closeBrowser()[pri:0, instance:clientA.Search_Hotel@6d026701]" started-at="2021-07-10T09:32:25Z" name="closeBrowser" finished-at="2021-07-10T09:32:25Z" duration-ms="0" status="PASS">
          <reporter-output>
          </reporter-output>
        </test-method> <!-- closeBrowser -->
      </class> <!-- clientA.Search_Hotel -->
    </test> <!-- Default test -->
  </suite> <!-- Default suite -->
</testng-results>
