<?xml version="1.0" encoding="UTF-8"?>
<!-- Generated by org.testng.reporters.JUnitXMLReporter -->
<testsuite ignored="1" hostname="DESKTOP-CJFGFQS" failures="0" tests="2" name="Default test" time="100.168" errors="0" timestamp="10 Jul 2021 12:59:12 GMT">
  <testcase classname="clientA.Book_Hotel" name="bookHotel" time="48.847"/>
  <testcase classname="clientA.Search_Hotel" name="searchHotel" time="48.862"/>
  <testcase classname="utility.BaseClass" name="@AfterTest closeBrowser" time="0.0">
    <ignored/>
  </testcase> <!-- @AfterTest closeBrowser -->
</testsuite> <!-- Default test -->
